------------------------------------------------------------------------
r220 | crazypit | 2007-12-23 01:41:41 -0800 (Sun, 23 Dec 2007) | 6 lines

- rails-spec:run-this-spec


M    ChangeLog
M    rails-spec.el

------------------------------------------------------------------------
r219 | dimaexe | 2007-11-03 15:47:45 -0700 (Sat, 03 Nov 2007) | 2 lines

rails-core.el (rails-core:model-exist-p): fixed error, when model-file not exists.

------------------------------------------------------------------------
r218 | dimaexe | 2007-11-02 15:30:25 -0700 (Fri, 02 Nov 2007) | 4 lines

rails-core.el (rails-core:model-file
  rails-core:controller-file-by-model): search namespaced models and
  controllers.

------------------------------------------------------------------------
r217 | dimaexe | 2007-11-02 14:58:41 -0700 (Fri, 02 Nov 2007) | 7 lines

rails-core.el (rails-core:model-file): search namespaced models.
rails-test.el (rails-test:line-regexp): applled patch by Alan Shields,
  don't hightlight whitespaces in test output.
rails-test.el: appled patch by Alan Shields,
  can't run rails-test-current-* without a file.
rails.el (rails-templates-list): added 'html.erb'.

------------------------------------------------------------------------
r216 | dimaexe | 2007-11-02 13:48:22 -0700 (Fri, 02 Nov 2007) | 7 lines

rails.el (rails-templates-list): added 'html.erb'
rails-snippets-feature.el (rails-snippets-feature:rest): replace *_url to *_path
inflections.el (singularize-string pluralize-string): downcase
  string befored searched
inflections.el (pluralize-string singularize-string): downcase
  input string before find in irregular

------------------------------------------------------------------------
r214 | crazypit | 2007-09-11 07:37:48 -0700 (Tue, 11 Sep 2007) | 5 lines

Basic support of Markaby templates

M    trunk/ChangeLog
M    trunk/rails.el

------------------------------------------------------------------------
r213 | crazypit | 2007-08-24 05:57:59 -0700 (Fri, 24 Aug 2007) | 18 lines

* rails-spec.el: base support for rspec. Function
 `rails-spec:run-all', `rails-spec:run-this-file', `rails-spec:run-last',
 `rails-spec:run-files'.  Variables: `rails-spec:all-files',
 `rails-spec:last-files', `rails-spec:runner',
 `rails-spec:runner-options'.
* rails-find.el, rails-ui.el: finds for rspec
* rails-project.el: new functions: rails-project:in-root-with-cd, 
 rails-project:compile-in-root
* rails-lib.el: new macro in-directory
									 
M    trunk/rails-lib.el
M    trunk/rails-project.el
M    trunk/rails-ui.el
M    trunk/rails-find.el
M    trunk/ChangeLog
A    trunk/rails-spec.el
M    trunk/rails.el

------------------------------------------------------------------------
r212 | dimaexe | 2007-08-18 10:59:51 -0700 (Sat, 18 Aug 2007) | 3 lines

rails-scripts.el (rails-script:run-interactive): setup a
	variable `ruby-buffer' for corect working with `inf-ruby'

------------------------------------------------------------------------
r211 | dimaexe | 2007-08-17 10:10:08 -0700 (Fri, 17 Aug 2007) | 2 lines

rails-ruby.el (hs-minor-mode-hook): created, placed in hs-setup-overlay initialization to fix a bug #13162

------------------------------------------------------------------------
r210 | dimaexe | 2007-08-16 14:25:16 -0700 (Thu, 16 Aug 2007) | 2 lines

updated hs-mode support

------------------------------------------------------------------------
r209 | dimaexe | 2007-08-16 12:08:11 -0700 (Thu, 16 Aug 2007) | 2 lines

rails-scripts.el (rails-script:setup-output-buffer): fixed compilation warning

------------------------------------------------------------------------
r208 | dimaexe | 2007-08-15 11:45:39 -0700 (Wed, 15 Aug 2007) | 2 lines

rails-scripts.el (rails-script:setup-output-buffer): fixed compilation warning

------------------------------------------------------------------------
r207 | dimaexe | 2007-08-15 11:41:32 -0700 (Wed, 15 Aug 2007) | 2 lines

rails-ruby.el (ruby-hs-minor-mode): created, support ruby in hs-minor-mode

------------------------------------------------------------------------
r206 | dimaexe | 2007-08-14 09:16:58 -0700 (Tue, 14 Aug 2007) | 4 lines

rails-compat.el (try-complete-abbrev): fixed
rails-core.el (rails-core:configuration-file, :rails-core:configuration-files): created functions
rails-speedbar-feature.el (rails-speedbar:roots): added migrations and configuration files to speedbar

------------------------------------------------------------------------
r203 | dimaexe | 2007-08-04 13:31:07 -0700 (Sat, 04 Aug 2007) | 2 lines

rails-test.el, rails-ui.el: apply patch #11998, created additional key shortcuts (thanks Tom Ten Thij)

------------------------------------------------------------------------
r202 | dimaexe | 2007-08-04 13:11:13 -0700 (Sat, 04 Aug 2007) | 3 lines

rails-compat.el: apply patch #12743, replace
	`indent-or-complete` to `indent-and-complete` (thanks Peter Williams)

------------------------------------------------------------------------
r201 | dimaexe | 2007-08-04 12:20:29 -0700 (Sat, 04 Aug 2007) | 3 lines

rails-navigation.el (rails-nav:goto-layouts): fixed bug #12754,
	broken `rails-nav:goto-layouts`

------------------------------------------------------------------------
r200 | dimaexe | 2007-07-26 11:31:08 -0700 (Thu, 26 Jul 2007) | 4 lines

inflections.el: more inflections (by Edvard Majakari)
rails-ruby.el (ruby-align-rules-list): improved `align` support
rails-test.el (rails-test:line-regexp): added support of '-' symbol in file name

------------------------------------------------------------------------
r195 | dimaexe | 2007-05-23 06:17:43 -0700 (Wed, 23 May 2007) | 2 lines

new version

------------------------------------------------------------------------
r194 | dimaexe | 2007-05-23 06:00:56 -0700 (Wed, 23 May 2007) | 2 lines

rails-test.el (rails-test:line-regexp): bug #10792: updated regexp

------------------------------------------------------------------------
r193 | dimaexe | 2007-05-05 11:37:00 -0700 (Sat, 05 May 2007) | 2 lines

rails.el: fixed #10613, wrong comparsion of emacs major-version

------------------------------------------------------------------------
r192 | dimaexe | 2007-05-03 04:54:30 -0700 (Thu, 03 May 2007) | 2 lines

rails-test.el (rails-test:line-regexp): patch #10532, allows '-' to occur in the errror filepath (thanks Peter Williams)

------------------------------------------------------------------------
r191 | dimaexe | 2007-04-27 12:38:12 -0700 (Fri, 27 Apr 2007) | 2 lines

updated

------------------------------------------------------------------------
r190 | dimaexe | 2007-04-27 12:04:46 -0700 (Fri, 27 Apr 2007) | 3 lines

rails.el: raise a error if emacs-rails run on old version of Emacs (less 22).
rails-ruby.el: check available flymake before setup ruby-flymake.

------------------------------------------------------------------------
r189 | dimaexe | 2007-04-27 12:04:04 -0700 (Fri, 27 Apr 2007) | 3 lines

rails.el: raise a error if emacs-rails run on old version of Emacs (less 22).
rails-ruby.el: check available flymake before setup ruby-flymake.

------------------------------------------------------------------------
r188 | dimaexe | 2007-04-25 11:23:31 -0700 (Wed, 25 Apr 2007) | 3 lines

rails-speedbar-feature.el (rails-speedbar:expand-directory)
  (rails-speedbar:display): updated view mode of "views"

------------------------------------------------------------------------
r187 | dimaexe | 2007-04-25 05:13:07 -0700 (Wed, 25 Apr 2007) | 2 lines

rails-compat.el (try-complete-abbrev): don't expand a snippet inside comments or strings.

------------------------------------------------------------------------
r186 | dimaexe | 2007-04-20 08:34:51 -0700 (Fri, 20 Apr 2007) | 3 lines

rails-core.el (rails-core:menu-letters-list)
	(rails-core:prepare-menu): created, append a prefix to each label of menu-item from MENU.

------------------------------------------------------------------------
r185 | dimaexe | 2007-04-19 07:54:53 -0700 (Thu, 19 Apr 2007) | 2 lines

updated

------------------------------------------------------------------------
r184 | dimaexe | 2007-04-19 07:53:08 -0700 (Thu, 19 Apr 2007) | 6 lines

rails-speedbar-feature.el (rails-speedbar:expand-tags): append list of templates in controllers
	(rails-speedbar:line-directory): created
rails-core.el (rails-core:helper-file): append the test/test_helper
	(rails-core:views-dir): strip the "_controller" sufix
	(rails-core:helpers): added the test/test_helper support

------------------------------------------------------------------------
r183 | dimaexe | 2007-04-19 05:39:56 -0700 (Thu, 19 Apr 2007) | 4 lines

rails-speedbar-feature.el (rails-speedbar:line-directory)
	(rails-speedbar:root, rails-speedbar:in-root): created
	(rails-speedbar-feature:install): install speedbar-mode-line-functions

------------------------------------------------------------------------
r182 | dimaexe | 2007-04-19 04:30:42 -0700 (Thu, 19 Apr 2007) | 3 lines

rails-ruby.el (completion-dynamic-syntax-alist): removed
rails-core.el (rails-core:class-by-file): updated

------------------------------------------------------------------------
r181 | dimaexe | 2007-04-18 07:09:42 -0700 (Wed, 18 Apr 2007) | 2 lines

rails.el (ruby-mode-hook): removed predictive-prog-mode, it will incorect work in latest CVS builds of Emacs

------------------------------------------------------------------------
r180 | dimaexe | 2007-04-13 00:46:13 -0700 (Fri, 13 Apr 2007) | 2 lines

README updated.

------------------------------------------------------------------------
r179 | dimaexe | 2007-04-12 14:02:12 -0700 (Thu, 12 Apr 2007) | 2 lines

updated

------------------------------------------------------------------------
r178 | dimaexe | 2007-04-12 13:58:56 -0700 (Thu, 12 Apr 2007) | 5 lines

rails-ruby.el (flymake-ruby-init): apply patch #10056, thanks Remi Vanicat
rails-core.el (rails-core:class-by-file): handle first digit[s] in filename
rails-lib.el (capital-word-p): return nil if first char is not 
inflections.el: rollback to using separate variables instead of structure

------------------------------------------------------------------------
r177 | dimaexe | 2007-04-12 03:23:12 -0700 (Thu, 12 Apr 2007) | 3 lines

rails-test.el: fixed #10053 bug, added rails-core:regexp-for-match-views to compilation-error-regexp
predictive-prog-mode.el (activate-predictive-inside-comments): toggle predictive mode using 'predictive-main-dict variable, looking at previous word

------------------------------------------------------------------------
r176 | dimaexe | 2007-04-11 14:10:11 -0700 (Wed, 11 Apr 2007) | 3 lines

predictive-prog-mode.el (activate-predictive-inside-comments): toggle predictive mode using 'predictive-main-dict variable
rails-core.el (rails-core:class-by-file): detect already capitalized words

------------------------------------------------------------------------
r175 | dimaexe | 2007-04-09 13:43:17 -0700 (Mon, 09 Apr 2007) | 3 lines

rails-snippets-feature.el (rails-snippets-feature:list): updated
rails-test.el (rails-test:error-regexp-alist): updated

------------------------------------------------------------------------
r174 | dimaexe | 2007-04-09 08:20:07 -0700 (Mon, 09 Apr 2007) | 2 lines

updated

------------------------------------------------------------------------
r173 | dimaexe | 2007-04-09 08:15:02 -0700 (Mon, 09 Apr 2007) | 3 lines

rails-ui.el (rails-minor-mode-prefix-key): created
	(rails-key): created

------------------------------------------------------------------------
r172 | dimaexe | 2007-04-09 03:54:28 -0700 (Mon, 09 Apr 2007) | 2 lines

predictive-prog-mode.el (predictive-prog-text-faces): fixed compilation warning

------------------------------------------------------------------------
r171 | dimaexe | 2007-04-09 03:45:05 -0700 (Mon, 09 Apr 2007) | 2 lines

release dump

------------------------------------------------------------------------
r170 | dimaexe | 2007-04-08 09:00:29 -0700 (Sun, 08 Apr 2007) | 2 lines

created rails-speedbar-feature

------------------------------------------------------------------------
r169 | dimaexe | 2007-04-06 12:37:11 -0700 (Fri, 06 Apr 2007) | 2 lines

updated

------------------------------------------------------------------------
r168 | dimaexe | 2007-04-06 12:10:55 -0700 (Fri, 06 Apr 2007) | 3 lines

rails-lib.el (capital-word-p): better word comparsion
predictive-prog-mode.el, untabify-file.el: created separate minor-mode

------------------------------------------------------------------------
r167 | dimaexe | 2007-04-06 02:50:26 -0700 (Fri, 06 Apr 2007) | 10 lines

rails-compat.el: removed predictive-prog-mode declaration
rails-features.el: created
rails-predictive-prog-mode-feature.el: created and place into it
	predictive-program-mode
rails-snippets-feature.el: created
rails-ui.el (rails-minor-mode-map): removed snippets menu
rails-untabify-feature.el: created and place into it untabify
	hook
rails.el (find-file-hooks): cleanup

------------------------------------------------------------------------
r166 | dimaexe | 2007-04-05 10:44:57 -0700 (Thu, 05 Apr 2007) | 7 lines

rails.el (auto-mode-alist): added Rakefile to auto-mode-alist
rails-ui.el (rails-minor-mode-test-current-method-key): created
rails-*-test-minor-mode (rails-unit-test-minor-mode rails-functional-test-minor-mode): 
	changed hotkey "C-c ." to "C-c C-c ,", the old conflicted with ECB
rails-ruby.el (flymake-ruby-load): apply flymake-mode only if
	buffer-file-name matched flymake-allowed-file-name-masks

------------------------------------------------------------------------
r165 | dimaexe | 2007-04-04 04:06:37 -0700 (Wed, 04 Apr 2007) | 2 lines

rails-ruby.el (flymake-ruby-load): updated

------------------------------------------------------------------------
r164 | dimaexe | 2007-04-03 13:36:36 -0700 (Tue, 03 Apr 2007) | 2 lines

rails-ui.el: reduced the menu length

------------------------------------------------------------------------
r163 | dimaexe | 2007-04-03 12:33:25 -0700 (Tue, 03 Apr 2007) | 2 lines

rails-ruby.el (flymake-ruby-load): updated

------------------------------------------------------------------------
r162 | dimaexe | 2007-04-03 12:10:59 -0700 (Tue, 03 Apr 2007) | 11 lines

rails-controller-layout.el (rails-controller-layout:keymap):
	created menu group for current minor-mode
rails-model-layout.el (rails-model-layout:keymap): created menu
	group for current minor-mode
rails-core.el (rails-core:controller-file-by-model)
	(rails-core:mailer-file, rails-core:mailer-exist-p)
	(rails-core:migration-file-by-model)
	(rails-core:model-by-migration-filename)
	(rails-core:unit-test-exist-p, rails-core:fixture-exist-p)
	(rails-core:current-mailer): created

------------------------------------------------------------------------
r161 | dimaexe | 2007-04-03 08:17:46 -0700 (Tue, 03 Apr 2007) | 4 lines

rails-model-layout.el (rails-model-layout:keymap): removed mode specific menu
rails-controller-layout.el (rails-controller-layout:keymap): removed mode specific menu
rails-compat.el (predictive-prog-mode): don't start inside strings

------------------------------------------------------------------------
r160 | dimaexe | 2007-04-03 03:37:49 -0700 (Tue, 03 Apr 2007) | 2 lines

rails-core.el: using completion-posn-at-point-as-event instead custom function

------------------------------------------------------------------------
r159 | dimaexe | 2007-04-03 02:45:14 -0700 (Tue, 03 Apr 2007) | 2 lines

rails-ui.el (rails-minor-mode-db-menu-bar-map): updated

------------------------------------------------------------------------
r158 | dimaexe | 2007-04-03 01:45:46 -0700 (Tue, 03 Apr 2007) | 5 lines

rails-model-layout.el (rails-model-layout:keymap): created
rails-core.el (rails-core:buffer-file-match): allow passing nil
rails-controller-layout.el (rails-controller-layout:keymap): created
rails-cmd-proxy.el (rails-cmd-proxy:convert-buffer-from-remote): fixed compilation warning

------------------------------------------------------------------------
r157 | dimaexe | 2007-04-02 14:35:49 -0700 (Mon, 02 Apr 2007) | 3 lines

rails-ruby.el: added flymake support to on the fly syntax check in ruby-mode
rails-test.el (rails-test:error-regexp-alist): updated

------------------------------------------------------------------------
r156 | dimaexe | 2007-04-01 15:56:43 -0700 (Sun, 01 Apr 2007) | 2 lines

rails-lib.el (merge-abbrev-tables): mark abbrev as system

------------------------------------------------------------------------
r155 | dimaexe | 2007-04-01 10:37:48 -0700 (Sun, 01 Apr 2007) | 2 lines

rails-snippets.el: updated snippets

------------------------------------------------------------------------
r154 | dimaexe | 2007-03-31 13:37:09 -0700 (Sat, 31 Mar 2007) | 2 lines

updated

------------------------------------------------------------------------
r153 | dimaexe | 2007-03-31 13:30:51 -0700 (Sat, 31 Mar 2007) | 12 lines

rails-ui.el (rails-minor-mode-nav-menu-bar-map): created separate menu entry for "Navigate", "Database", "Tests"
rails-test.el (rails-test:error-regexp-alist): updated regexp to match errors
rails-snippets.el (rails-snippets:list): new snippet group RESTful
rails-ruby.el (ruby-align-rules-list): updated regexp for align
rails-rake.el (rails-rake:migrate)
	(rails-rake:migrate-with-version)
	(rails-rake:migrate-to-prev-version): created
rails-lib.el: added alias string-join to strings-join
rails-core.el (rails-core:mailer-file): fixed bug #9721
	(rails-core:migration-versions): created
rails-compat.el (indent-or-complete): restored completion-ui support

------------------------------------------------------------------------
r152 | dimaexe | 2007-03-30 08:03:14 -0700 (Fri, 30 Mar 2007) | 8 lines

rails-test.el (rails-test:error-regexp-alist): updated
rails-scripts.el (rails-script:run): added
	`rails-cmd-proxy:convert-buffer-from-remote' to
	`after-change-functions'
rails-ruby.el: added `align' integration code
rails-lib.el (string-repeat): created
rails-cmd-proxy.el (rails-cmd-proxy:convert-buffer-from-remote): created

------------------------------------------------------------------------
r151 | dimaexe | 2007-03-30 03:06:14 -0700 (Fri, 30 Mar 2007) | 2 lines

updated

------------------------------------------------------------------------
r150 | dimaexe | 2007-03-29 13:48:17 -0700 (Thu, 29 Mar 2007) | 3 lines

rails-project.el: created
rails-compat.el: created

------------------------------------------------------------------------
r149 | dimaexe | 2007-03-29 08:07:49 -0700 (Thu, 29 Mar 2007) | 4 lines

rails.el (indented-or-complete): added support completion-ui
	(activate-predictive-inside-strings): created
	(ruby-mode-hook): added pcomplete activation code

------------------------------------------------------------------------
r148 | dimaexe | 2007-03-29 05:44:20 -0700 (Thu, 29 Mar 2007) | 6 lines

rails-test.el (rails-test:print-result): don't scroll on top
rails-navigation.el (rails-nav:goto-functional-tests): created
	(rails-nav:goto-unit-tests): created
rails-core.el (rails-core:functional-tests): created
	(rails-core:unit-tests): created

------------------------------------------------------------------------
r147 | dimaexe | 2007-03-29 04:29:45 -0700 (Thu, 29 Mar 2007) | 4 lines

rails-cmd-proxy.el: updated
rails-scripts.el (rails-script:output-mode): updated
rails.el (indent-or-complete): updated

------------------------------------------------------------------------
r146 | dimaexe | 2007-03-28 14:39:07 -0700 (Wed, 28 Mar 2007) | 4 lines

rails-test.el (rails-test:run): cleanup
rails-rake.el (rails-rake:list-of-tasks-without-tests): created
	(rails-rake:list-of-tasks): renamed from rails-rake:tasks-list

------------------------------------------------------------------------
r145 | dimaexe | 2007-03-28 14:07:21 -0700 (Wed, 28 Mar 2007) | 6 lines

rails-ui.el: created seperate menu group for tests
rails-test.el: created, Added tests integration with the compile library
rails-scripts.el: refactored
rails-rake.el: refactored
rails-lib.el (rails-completing-read): created

------------------------------------------------------------------------
r144 | dimaexe | 2007-03-28 08:48:48 -0700 (Wed, 28 Mar 2007) | 2 lines

rails-rake.el (rails-rake:task): removed rails-rake:output-mode

------------------------------------------------------------------------
r143 | dimaexe | 2007-03-28 08:17:59 -0700 (Wed, 28 Mar 2007) | 2 lines

updated

------------------------------------------------------------------------
r142 | dimaexe | 2007-03-28 06:09:25 -0700 (Wed, 28 Mar 2007) | 6 lines

rails.el: added forward declaration of try-complete-abbrev,
	index-or-complete and setup variable
	hippie-expand-try-function-alist
rails-snippets.el (rails-snippets:list): updated
rails-core.el (rails-core:menu-position): fixed error at `window-live-p'

------------------------------------------------------------------------
r141 | dimaexe | 2007-03-28 02:45:16 -0700 (Wed, 28 Mar 2007) | 2 lines

rails-ui.el (rails-minor-mode-menu-bar-map): added menu item for "test current method"

------------------------------------------------------------------------
r140 | dimaexe | 2007-03-27 16:33:36 -0700 (Tue, 27 Mar 2007) | 3 lines

rails-ws.el (rails-ws:start): added missing parameter the
	rails-ws:default-server-type to startup command

------------------------------------------------------------------------
r139 | dimaexe | 2007-03-27 16:19:10 -0700 (Tue, 27 Mar 2007) | 2 lines

rails-scripts.el (rails-script:toggle-output-window): created

------------------------------------------------------------------------
r138 | dimaexe | 2007-03-27 14:45:26 -0700 (Tue, 27 Mar 2007) | 2 lines

updated

------------------------------------------------------------------------
r137 | dimaexe | 2007-03-27 14:36:59 -0700 (Tue, 27 Mar 2007) | 2 lines

updated

------------------------------------------------------------------------
r136 | dimaexe | 2007-03-27 14:23:10 -0700 (Tue, 27 Mar 2007) | 3 lines

set svn:ignore property
fixed bug #9619

------------------------------------------------------------------------
r135 | dimaexe | 2007-03-27 14:08:08 -0700 (Tue, 27 Mar 2007) | 5 lines

rails-snippets.el (rails-snippets-menu-list): removed
	(rails-snippets:create-keymap, rails-snippets:create-lambda)
	(rails-snippets:list): created
rails-lib.el (create-snippets-and-menumap-from-dsl): removed

------------------------------------------------------------------------
r134 | dimaexe | 2007-03-27 08:27:18 -0700 (Tue, 27 Mar 2007) | 3 lines

rails-snippets.el (rails-snippets-menu-list): updated snippets,
	add the "assert_template" snippet

------------------------------------------------------------------------
r133 | dimaexe | 2007-03-27 07:59:21 -0700 (Tue, 27 Mar 2007) | 12 lines

rails-rake.el (rails-rake:test-current): created
	(rails-rake:run-test-file): created
	(rails-rake:test-current-method): created
rails-unit-test-minor-mode.el (rails-unit-test-minor-mode):
	added hotkey [C-c .] to run test of current method
rails-functional-test-minor-mode.el (rails-functional-test-minor-mode): 
  added hotkey [C-c .] to run test of current method
rails-core.el (rails-core:functional-test-file)
	(rails-core:unit-test-file, rails-core:observer-p)
	(rails-core:mailer-p): allow passing nil
	(rails-core:current-method-name): renamed from rails-core:current-function-name

------------------------------------------------------------------------
r132 | dimaexe | 2007-03-27 05:01:43 -0700 (Tue, 27 Mar 2007) | 6 lines

rails-scripts.el (rails-script:output-mode-popup-buffer,
	rails-script:output-mode-push-first-button): created
	(rails-script:output-mode): using hooks instead local-variables
rails-rake.el (rails-rake:output-mode): using hooks instead local-variables
rails-lib.el (buffer-visible-p): optimization, using `get-buffer-window'

------------------------------------------------------------------------
r131 | dimaexe | 2007-03-26 14:01:00 -0700 (Mon, 26 Mar 2007) | 5 lines

rails-model-layout.el (rails-model-layout:switch-to): 
	display message if file not exists
rails-controller-layout.el (rails-controller-layout:switch-to):
	display message if file not exists

------------------------------------------------------------------------
r130 | dimaexe | 2007-03-26 13:35:02 -0700 (Mon, 26 Mar 2007) | 13 lines

rails-model-layout.el (rails-model-layout:switch-to)
	(rails-model-layout:menu): added migrations support
rails-migration-minor-mode.el (rails-migration-minor-mode): popup menu entry
rails-core.el (rails-core:model-exist-p): return nil if observer
	or mailer
	(rails-core:migration-file): allow passing a migration name
	without number (ex. "CreateUsers")
	(rails-core:current-model): added migrations support
	(rails-core:migration-file): renamed from migrate-file
rails-controller-layout.el (rails-controller-layout:switch-to):
	added migration support
inflections.el (singularize-string, pluralize-string): allow passing nil

------------------------------------------------------------------------
r129 | dimaexe | 2007-03-26 11:41:17 -0700 (Mon, 26 Mar 2007) | 2 lines

rails-find.el (rails-find:gen): call ido-find-file if possible

------------------------------------------------------------------------
r128 | dimaexe | 2007-03-26 09:00:05 -0700 (Mon, 26 Mar 2007) | 2 lines

rails-rake.el (rails-rake:report-result): prints results of all tests

------------------------------------------------------------------------
r127 | dimaexe | 2007-03-26 08:48:07 -0700 (Mon, 26 Mar 2007) | 2 lines

updated

------------------------------------------------------------------------
r126 | dimaexe | 2007-03-26 08:44:03 -0700 (Mon, 26 Mar 2007) | 2 lines

updated

------------------------------------------------------------------------
r125 | dimaexe | 2007-03-26 08:39:03 -0700 (Mon, 26 Mar 2007) | 3 lines

rails-ruby.el: fixed compilation warnning
rails-rake.el, rails-scripts.el: updated, printed result of tests

------------------------------------------------------------------------
r124 | dimaexe | 2007-03-26 07:39:09 -0700 (Mon, 26 Mar 2007) | 2 lines

updated

------------------------------------------------------------------------
r123 | dimaexe | 2007-03-26 07:28:44 -0700 (Mon, 26 Mar 2007) | 2 lines

rails-lib.el, rails.el: fix compilation error [#9547]

------------------------------------------------------------------------
r122 | dimaexe | 2007-03-26 06:35:19 -0700 (Mon, 26 Mar 2007) | 2 lines

rails.el (rails-templates-list): added support "erb" and "liquid"

------------------------------------------------------------------------
r121 | dimaexe | 2007-03-26 06:11:59 -0700 (Mon, 26 Mar 2007) | 2 lines

dump 0.5.99 release

------------------------------------------------------------------------
r120 | dimaexe | 2007-03-26 06:08:08 -0700 (Mon, 26 Mar 2007) | 2 lines

rails-lib.el: fixed compilation warnings

------------------------------------------------------------------------
r119 | dimaexe | 2007-03-26 06:05:53 -0700 (Mon, 26 Mar 2007) | 2 lines

rails-rake.el: fixed compilation warnings

------------------------------------------------------------------------
r118 | dimaexe | 2007-03-26 05:59:43 -0700 (Mon, 26 Mar 2007) | 7 lines

rails-ui.el: updated
rails-scripts.el: updated
	(rails-script:rake-tests-alist): removed
rails-ruby.el (run-ruby-in-buffer): moved from rails-scripts.el
rails-rake.el: created
rails-core.el (rails-core:migrations): added optional parameter to stip numbers

------------------------------------------------------------------------
r117 | dimaexe | 2007-03-25 16:37:37 -0700 (Sun, 25 Mar 2007) | 5 lines

rails-scripts.el (rails-script:sentinel-proc): updated
	(rails-script:generation-buffer-name): removed
	(rails-script:run): updated
	(rails-script:create-project): updated

------------------------------------------------------------------------
r116 | dimaexe | 2007-03-25 15:47:06 -0700 (Sun, 25 Mar 2007) | 4 lines

rails-scripts.el (rails-script:sentinel-proc): updated
rails-lib.el (buffer-visible-p): created
rails-core.el (rails-core:file): return nil if FILE-NAME is nil

------------------------------------------------------------------------
r115 | dimaexe | 2007-03-25 11:19:25 -0700 (Sun, 25 Mar 2007) | 2 lines

updated

------------------------------------------------------------------------
r114 | dimaexe | 2007-03-25 11:15:35 -0700 (Sun, 25 Mar 2007) | 6 lines

rails-ws.el: refactored
rails-scripts.el: Improvement of rails scripts output; colorize
	output and put links in a buffer
rails-log.el (rails-log:buffer-name): renamed from rails-log:get-buffer-name
rails-core.el (rails-core:add-to-rails-menubar): removed

------------------------------------------------------------------------
r113 | dimaexe | 2007-03-24 18:28:08 -0700 (Sat, 24 Mar 2007) | 8 lines

rails-core.el (rails-core:add-to-rails-menubar): removed
	(rails-core:mailer-file): maked as alias
	(rails-core:controller-name): renamed from rails-core:full-controller-name
	(rails-core:regex-for-match-view): cleanup
rails-find.el: created
	rails-navigation.el: moved rails-find-* to separate file rails-find.el
	rails.el (rails-find-file-function): removed variable

------------------------------------------------------------------------
r112 | dimaexe | 2007-03-24 15:34:38 -0700 (Sat, 24 Mar 2007) | 3 lines

updated copyright
added README

------------------------------------------------------------------------
r111 | dimaexe | 2007-03-24 15:28:12 -0700 (Sat, 24 Mar 2007) | 2 lines

update copyright

------------------------------------------------------------------------
r110 | dimaexe | 2007-03-24 15:24:00 -0700 (Sat, 24 Mar 2007) | 3 lines

rails-ui.el (rails-minor-mode-menu-bar-map): update indentation
set svn:keywords "Id URL"

------------------------------------------------------------------------
r109 | dimaexe | 2007-03-24 14:55:28 -0700 (Sat, 24 Mar 2007) | 2 lines

rails-scripts.el: refactored code

------------------------------------------------------------------------
r108 | dimaexe | 2007-03-24 12:28:40 -0700 (Sat, 24 Mar 2007) | 5 lines

rails-unit-test-minor-mode.el (rails-unit-test-minor-mode): fixed
rails-navigation.el (rails-line-->controller+action): replace
	call rails-core:open-controller+action to
	rails-controller-layout:switch-to-action-in-controller

------------------------------------------------------------------------
r107 | dimaexe | 2007-03-24 12:18:20 -0700 (Sat, 24 Mar 2007) | 3 lines

rails-snippets.el (snippet-insert): added advice
	(rails-snippets-menu-list): updated snippets

------------------------------------------------------------------------
r106 | dimaexe | 2007-03-24 10:12:04 -0700 (Sat, 24 Mar 2007) | 3 lines

rails-ws.el (rails-ws:sentinel-proc): change format of the message
	(rails-ws:start): fixed

------------------------------------------------------------------------
r105 | dimaexe | 2007-03-24 07:55:48 -0700 (Sat, 24 Mar 2007) | 4 lines

rails-navigation.el: removed old style goto-* functions
rails.el (ruby-mode-hook): bind ruby-toggle-string<>symbol to [C-:] in ruby mode
rails-ui.el (rails-minor-mode-map): added [M-S-up] & [M-S-down] hotkeys

------------------------------------------------------------------------
r104 | dimaexe | 2007-03-23 11:45:50 -0700 (Fri, 23 Mar 2007) | 4 lines

rails.el (ruby-mode-hook): added `C-c f` hotkey to popup `major-menu-mode` menu
rails-core.el (rails-core:menu-position): created variable
	(rails-core:menu): using `rails-core:menu-position`

------------------------------------------------------------------------
r103 | dimaexe | 2007-03-23 11:25:41 -0700 (Fri, 23 Mar 2007) | 2 lines

rails-snippets.el (rails-snippets-menu-list): splited snippets into separate modes

------------------------------------------------------------------------
r102 | dimaexe | 2007-03-23 09:05:19 -0700 (Fri, 23 Mar 2007) | 2 lines

update History

------------------------------------------------------------------------
r101 | dimaexe | 2007-03-23 08:58:09 -0700 (Fri, 23 Mar 2007) | 3 lines

rails-navigation.el (rails-nav:goto-fixtures): created
rails-core.el (rails-core:fixtures): created

------------------------------------------------------------------------
r100 | dimaexe | 2007-03-23 08:50:24 -0700 (Fri, 23 Mar 2007) | 15 lines

rails-view-minor-mode.el (rails-view-minor-mode): cleanup and switch to use
	`rails-controller-layout`, added support mailers
rails-unit-test-minor-mode.el (rails-unit-test-minor-mode): added support mailers
rails-navigation.el (rails-nav:goto-mailers): created
rails-model-layout.el: added support mailers
rails-mailer-minor-mode.el: created
rails-helper-minor-mode.el: cleanup and switch to use `rails-controller-layout`
rails-functional-test-minor-mode.el: cleanup and switch to use
	`rails-controller-layout`, added support mailers
rails-core.el: created functions: rails-core:model-exist-p,
	rails-core:mailer-file, rails-core:mailer-p, rails-core:mailers,
	rails-core:current-function-name. Cleanup unsed functions.
rails-controller-minor-mode.el: cleanup and switch to use `rails-controller-layout`
rails-controller-layout.el: created

------------------------------------------------------------------------
r99 | dimaexe | 2007-03-23 06:19:08 -0700 (Fri, 23 Mar 2007) | 11 lines

rails.el (rails-directory<-->types): rename fixtures to fixture
rails-unit-test-minor-mode.el: using functions from `rails-model-layout` to navigate
rails-model-minor-mode.el: using functions from `rails-model-layout` to navigate
rails-model-layout.el: create
rails-lib.el (string=~): create, by Howard Yeh
rails-fixture-minor-mode.el: create
rails-core.el (rails-core:controller-exist-p): create
	(rails-core:fixture-file): used `pluralize-string` to match fixture
	(rails-core:current-model): used `pluralize-string` to match fixture
inflections.el: create, by Howard Yeh

------------------------------------------------------------------------
r98 | dimaexe | 2007-03-23 04:05:08 -0700 (Fri, 23 Mar 2007) | 4 lines

rails-cmd-proxy.el: create
rails-ws.el (rails-ws:stop): stopped server with interrupt-process
	(rails-ws:start): starting server useing rails-cmd-proxy:start-process-shell-command

------------------------------------------------------------------------
r97 | dimaexe | 2007-03-22 15:52:54 -0700 (Thu, 22 Mar 2007) | 2 lines

updated

------------------------------------------------------------------------
r96 | dimaexe | 2007-03-22 15:44:04 -0700 (Thu, 22 Mar 2007) | 5 lines

rails.el (rails-apply-for-buffer-type): added support to load new style submodes
rails-lib.el (merge-abbrev-tables): created this function
moved all rails-for-* to rails-*-minor-mode
rails-snippets.el (rails-snippets-menu-list): closed bug #9460, incorect indentation in snippets

------------------------------------------------------------------------
r95 | dimaexe | 2007-03-20 07:04:29 -0700 (Tue, 20 Mar 2007) | 2 lines

rails-scripts.el (rails-rake): restore ask to save modified buffers before run rake test:

------------------------------------------------------------------------
r94 | dimaexe | 2007-03-19 11:13:59 -0700 (Mon, 19 Mar 2007) | 6 lines

rails-core.el (rails-core:layout-file): support template types on go to layout menu
rails-for-controller.el (rails-controller:create-view-for-action): create function
	(rails-controller:switch-to-view): allow select template type on create
rails.el: add support haml template engine


------------------------------------------------------------------------
r93 | dimaexe | 2007-03-15 12:26:03 -0700 (Thu, 15 Mar 2007) | 4 lines

* rails-scripts.el (rails-rake-tests): using `compile`
* rails-ui.el (rails-minor-mode-menu-bar-map): add (interactive) to lambda functions


------------------------------------------------------------------------
r92 | dimaexe | 2007-03-12 14:22:58 -0700 (Mon, 12 Mar 2007) | 1 line

ask to save modified buffers before run rake. add support quick switch to models and unit tests
------------------------------------------------------------------------
r91 | dimaexe | 2007-02-02 00:50:07 -0800 (Fri, 02 Feb 2007) | 2 lines

rails-snippets.el (rails-snippets-menu-list): bug #8381 (bag "ff" snippet)

------------------------------------------------------------------------
r89 | dimaexe | 2007-01-30 10:11:15 -0800 (Tue, 30 Jan 2007) | 2 lines

make 0.5.3 release

------------------------------------------------------------------------
r88 | dimaexe | 2007-01-29 13:21:06 -0800 (Mon, 29 Jan 2007) | 3 lines

rails-snippets.el: create and place into it all snippets code
rails-ui.el: drop snippets declaration, make separate menu "Snippets"

------------------------------------------------------------------------
r87 | dimaexe | 2007-01-29 08:22:29 -0800 (Mon, 29 Jan 2007) | 3 lines

rails-lib.el: create function compile-snippet and create-snippets-and-menumap-from-dsl
rails-ui.el (ruby-mode-abbrev-table): add mai snippet (add_index in migrations)

------------------------------------------------------------------------
r86 | dimaexe | 2007-01-28 14:37:59 -0800 (Sun, 28 Jan 2007) | 6 lines

rails.el (rails-db-parameters): patch #8232 (by Ronaldo Ferraz)
	Console is not starting because env is not quoted in the function
	call, resulting in a Ruby error
rails-ws.el, rails-wi.el: patch #8233 (by Ronaldo Ferraz) Fixes
	a couple of UI messages and allows web server selection auto-save

------------------------------------------------------------------------
r85 | dimaexe | 2007-01-28 12:35:48 -0800 (Sun, 28 Jan 2007) | 3 lines

*.el: fix bytecompile warnings	
rails-core.el: remove dublicate of fucntion rails-core:helper-file

------------------------------------------------------------------------
r84 | dimaexe | 2007-01-27 15:35:35 -0800 (Sat, 27 Jan 2007) | 2 lines

patch #8228

------------------------------------------------------------------------
r82 | dimaexe | 2007-01-27 13:38:38 -0800 (Sat, 27 Jan 2007) | 2 lines

rails.el (ruby-mode-hook): remove variables tab-width and indent-tabs

------------------------------------------------------------------------
r81 | dimaexe | 2007-01-27 13:24:36 -0800 (Sat, 27 Jan 2007) | 3 lines

rails-ws.el: make variable  rails-ws:default-server-type are customized (to fix #8223)
rails-lib.el: add cross declaration indent-or-complete (to fix #8221)

------------------------------------------------------------------------
r80 | dimaexe | 2007-01-27 13:00:03 -0800 (Sat, 27 Jan 2007) | 4 lines

rails-for-controller.el (rails-controller:switch-with-menu):
	call rails-controller:switch-to-view for "Current view" 
rails-log.el (rails-log:open-file): run rails-minor-mode in log buffer

------------------------------------------------------------------------
r79 | dimaexe | 2007-01-27 12:44:39 -0800 (Sat, 27 Jan 2007) | 6 lines

rails-ui.el: update "Open log" menu
rails.el: relete function rails-open-log, and place all log
	related fuction to rails-log.el
rails-log.el: create
rails-lib.el (apply-colorize-to-buffer): create

------------------------------------------------------------------------
r78 | dimaexe | 2007-01-27 10:20:30 -0800 (Sat, 27 Jan 2007) | 3 lines

update rails-ws:*browser* functions
add History file

------------------------------------------------------------------------
r77 | dimaexe | 2007-01-27 09:44:21 -0800 (Sat, 27 Jan 2007) | 10 lines

rails.el (rails-directory<-->types): add plugin directory
rails-for-view.el (rails-view:switch-with-menu): update menu title
rails-for-plugin.el: create
rails-for-helper.el (rails-helper:switch-with-menu): update menu title
rails-for-functional-test.el (rails-for-functional-test:switch-with-menu): update-menu-title
rails-for-controller.el (rails-controller:switch-with-menu): update menu title
rails-core.el (rails-core:menu): fix menu position 
	add new functions rails-core:plugin-files, rails-core:plugin-file,
	rails-core:current-plugin

------------------------------------------------------------------------
r76 | dimaexe | 2007-01-26 07:28:24 -0800 (Fri, 26 Jan 2007) | 2 lines

fix dublicate hotkey for rails-ws:toggle-start-stop

------------------------------------------------------------------------
r75 | dimaexe | 2007-01-26 07:21:23 -0800 (Fri, 26 Jan 2007) | 3 lines

rails-ui.el (rails-minor-mode-menu-bar-map): rename menu item WEBrick to Web Server. Update menu group Web Server
rails.el (rails-ws): add variable rails-default-environment

------------------------------------------------------------------------
r74 | dimaexe | 2007-01-26 05:24:46 -0800 (Fri, 26 Jan 2007) | 5 lines

rails-navigation.el (rails-nav:create-goto-menu): now support
	nested lists in append-to-menu (ex. (list (cons) (cons)))
	(rails-nav:create-new-layout): cleanup
	(rails-nav:goto-layouts): cleanup

------------------------------------------------------------------------
r73 | dimaexe | 2007-01-26 03:41:31 -0800 (Fri, 26 Jan 2007) | 3 lines

rails-for-view.el (rails-for-view): remove detect mmm-mode, always apply hotkeys to mmm-mode-map (if exist)
rails.el: apply ruby-mode to *.rake files and setup utf9 encoding

------------------------------------------------------------------------
r72 | dimaexe | 2007-01-25 17:42:22 -0800 (Thu, 25 Jan 2007) | 2 lines

rails-lib.el (list->alist): skip if LIST entry is list

------------------------------------------------------------------------
r71 | dimaexe | 2007-01-25 11:59:50 -0800 (Thu, 25 Jan 2007) | 2 lines

add rails-nav:goto-plugins

------------------------------------------------------------------------
r70 | dimaexe | 2007-01-24 17:26:43 -0800 (Wed, 24 Jan 2007) | 8 lines

rails-ruby.el: remove advice for ruby-indent-command
rails-lib.el (def-snips): fix indentation
rails-core.el: 
	fix list ordered in rails-core:*
	add rails-core:observer-p
rails.el (rails-open-log): fix path to log file
rails.el: cleanup initialization code

------------------------------------------------------------------------
r69 | dimaexe | 2007-01-24 13:35:22 -0800 (Wed, 24 Jan 2007) | 3 lines

add concerns
move from file_column to acts_as_attachments

------------------------------------------------------------------------
r68 | dimaexe | 2007-01-23 14:33:19 -0800 (Tue, 23 Jan 2007) | 1 line


------------------------------------------------------------------------
r67 | dimaexe | 2007-01-23 14:32:09 -0800 (Tue, 23 Jan 2007) | 13 lines

rails-ui.el: create key bindings and menu items to latest changes
rails-scripts.el: 
  add more targets to generate and destroy
  cleanup targets
  create variables: rails-generate-params-list, rails-destroy-params-list
rails-navigation.el: 
  create another implementation menu: rails-nav:goto-file-with-menu-from-list,
  rewrite rails:nav:goto-* to use this
rails-core.el: 
  rewrite rails-core:(controllers,models,etc),
  add more functions for plugins, migrations, etc


------------------------------------------------------------------------
r66 | dimaexe | 2007-01-23 08:03:24 -0800 (Tue, 23 Jan 2007) | 3 lines

rails-scripts.el (rails-rake-tests): store selected value, set it to default
rails-webrick.el (rails-webrick:start): fix #8088 (Akira Ikeda)

------------------------------------------------------------------------
r65 | dimaexe | 2007-01-22 14:01:42 -0800 (Mon, 22 Jan 2007) | 7 lines

rails-core.el: add rails-core to eval-when-compile
rails-ui.el (rails-minor-mode-map): 
  rebind some hotkeys
  fix snippents (bad indent after end ruby keyword)
rails-scripts.el: complete rewrite all script functions to using autocomplete
rails.el (rails-db-parameters): apply patch #8065 (thanks Akira Ikeda)

------------------------------------------------------------------------
r64 | dimaexe | 2007-01-21 09:35:59 -0800 (Sun, 21 Jan 2007) | 2 lines

update version

------------------------------------------------------------------------
r63 | dimaexe | 2007-01-21 09:34:21 -0800 (Sun, 21 Jan 2007) | 2 lines

update README

------------------------------------------------------------------------
r62 | dimaexe | 2007-01-21 09:33:24 -0800 (Sun, 21 Jan 2007) | 3 lines

rails-lib.el (yml-value): fix #8037


------------------------------------------------------------------------
r61 | dimaexe | 2007-01-21 09:26:12 -0800 (Sun, 21 Jan 2007) | 6 lines

rename rails-for-rhtml to rails-for-view
add rails-for-helper functionaly
add *:switch-with-menu for helpers, functional-test
cleanup rails-for-controller, rails-for-view


------------------------------------------------------------------------
r60 | dimaexe | 2007-01-13 12:01:21 -0800 (Sat, 13 Jan 2007) | 3 lines

apply patch from Ronaldo
create rails-for-helper.el

------------------------------------------------------------------------
r59 | dimaexe | 2006-12-24 17:13:37 -0800 (Sun, 24 Dec 2006) | 4 lines

rails-lib.el (yml-next-value): return nil if key not found
rails.el: add sqlite support


------------------------------------------------------------------------
r58 | dimaexe | 2006-12-17 13:47:39 -0800 (Sun, 17 Dec 2006) | 3 lines

apply patches from Akira Ikeda
fix lowercase letter after "::"

------------------------------------------------------------------------
r57 | dimaexe | 2006-12-03 03:21:30 -0800 (Sun, 03 Dec 2006) | 4 lines

rails-ruby.el (ruby-indent-command): using around filter
rails.el (ruby-mode-hook): symbols _ and : interpreted as word
rails-core.el (rails-core:class-by-file): apply patch #6377

------------------------------------------------------------------------
r56 | dimaexe | 2006-12-03 00:54:34 -0800 (Sun, 03 Dec 2006) | 3 lines

Apply patch from Ray Baxter


------------------------------------------------------------------------
r55 | dimaexe | 2006-12-01 10:19:36 -0800 (Fri, 01 Dec 2006) | 2 lines

empty

------------------------------------------------------------------------
r54 | dimaexe | 2006-12-01 10:05:12 -0800 (Fri, 01 Dec 2006) | 2 lines

set svn:eol-style to native for all files

------------------------------------------------------------------------
r53 | dimaexe | 2006-12-01 10:02:11 -0800 (Fri, 01 Dec 2006) | 3 lines

apply patches from ronaldo@bitbucket.com.br
add "go to action" & fixes "go to partial"

------------------------------------------------------------------------
r52 | dimaexe | 2006-10-02 13:39:06 -0700 (Mon, 02 Oct 2006) | 3 lines

rails.el: do not apply untabify in makefile-mode
rails-ruby.el: small fix in ruby-indent-or-complete

------------------------------------------------------------------------
r51 | crazypit | 2006-06-10 04:13:04 -0700 (Sat, 10 Jun 2006) | 3 lines

See changelog


------------------------------------------------------------------------
r50 | crazypit | 2006-04-19 13:50:02 -0700 (Wed, 19 Apr 2006) | 2 lines

Readme changed

------------------------------------------------------------------------
r49 | crazypit | 2006-04-19 13:01:13 -0700 (Wed, 19 Apr 2006) | 3 lines

see chagelog


------------------------------------------------------------------------
r48 | crazypit | 2006-04-19 02:31:29 -0700 (Wed, 19 Apr 2006) | 2 lines

see changelog

------------------------------------------------------------------------
r47 | crazypit | 2006-04-19 02:06:15 -0700 (Wed, 19 Apr 2006) | 2 lines

back some changes that in 42->44 

------------------------------------------------------------------------
r46 | crazypit | 2006-04-18 02:06:16 -0700 (Tue, 18 Apr 2006) | 2 lines

Fixes

------------------------------------------------------------------------
r45 | dimaexe | 2006-04-17 10:27:41 -0700 (Mon, 17 Apr 2006) | 2 lines

* see changelog

------------------------------------------------------------------------
r44 | dimaexe | 2006-04-11 11:44:28 -0700 (Tue, 11 Apr 2006) | 2 lines

* see changelog

------------------------------------------------------------------------
r43 | dimaexe | 2006-04-11 10:07:11 -0700 (Tue, 11 Apr 2006) | 2 lines

* see ChangeLog

------------------------------------------------------------------------
r42 | crazypit | 2006-04-10 21:53:17 -0700 (Mon, 10 Apr 2006) | 4 lines

rails TAGS and goto menus updates, fixes, new doclines.



------------------------------------------------------------------------
r41 | crazypit | 2006-04-09 14:07:57 -0700 (Sun, 09 Apr 2006) | 2 lines

fixes

------------------------------------------------------------------------
r40 | crazypit | 2006-04-03 17:27:56 -0700 (Mon, 03 Apr 2006) | 3 lines

Renaming of rails-lib:goto-* -> rails-nav:goto-*


------------------------------------------------------------------------
r39 | crazypit | 2006-03-31 17:15:13 -0800 (Fri, 31 Mar 2006) | 2 lines

fixes

------------------------------------------------------------------------
r38 | crazypit | 2006-03-30 19:51:18 -0800 (Thu, 30 Mar 2006) | 2 lines

bugfixes.1

------------------------------------------------------------------------
r37 | crazypit | 2006-03-30 19:12:43 -0800 (Thu, 30 Mar 2006) | 2 lines

Bugfixes.

------------------------------------------------------------------------
r36 | crazypit | 2006-03-30 00:37:21 -0800 (Thu, 30 Mar 2006) | 3 lines

Searching in Rails HTML API documentation.


------------------------------------------------------------------------
r35 | crazypit | 2006-03-29 20:17:24 -0800 (Wed, 29 Mar 2006) | 3 lines

Rails consoles in separated buffers for each project.


------------------------------------------------------------------------
r34 | crazypit | 2006-03-29 17:42:09 -0800 (Wed, 29 Mar 2006) | 3 lines

Rails rake integraion.


------------------------------------------------------------------------
r33 | crazypit | 2006-03-29 16:23:26 -0800 (Wed, 29 Mar 2006) | 3 lines

Many UI fixes and additions. Cleanups in rails.el.


------------------------------------------------------------------------
r31 | crazypit | 2006-03-28 17:37:26 -0800 (Tue, 28 Mar 2006) | 3 lines

Many changes in goto file to file. New separated file for Emacs Rails user interface.


------------------------------------------------------------------------
r30 | crazypit | 2006-03-28 12:30:38 -0800 (Tue, 28 Mar 2006) | 3 lines

Simple UI fixes.


------------------------------------------------------------------------
r29 | dimaexe | 2006-03-28 11:00:25 -0800 (Tue, 28 Mar 2006) | 23 lines

* rails-for-controller.el: new functions
rails-controller:get-current-controller-and-action,
rails-controller:switch-with-menu
(rails-for-controller): setup variables rails-primary-switch-func,
rails-secondary-switch-func

* rails-core.el (rails-core:helper-file): fix invalid path
(rails-core:functional-test-file): fix invalid path
(rails-core:get-view-files): ACTION is optional parameter

* rails-for-rhtml.el: new functions rails-rhtml:switch-with-menu,
rails-rhtml:switch-to-helper,
rails-rhtml:get-current-controller-and-action
(rails-for-rhtml): setup variables rails-primary-switch-func,
rails-secondary-switch-func

* rails.el: add variables rails-primary-switch-func,
rails-secondary-switch-func

* rails-lib.el: add interactive functions
rails-lib:run-primary-switch-func, rails-lib:run-secondary-switch-func


------------------------------------------------------------------------
r28 | crazypit | 2006-03-27 16:11:57 -0800 (Mon, 27 Mar 2006) | 3 lines

Run sql session for current rails project stuff.


------------------------------------------------------------------------
r27 | crazypit | 2006-03-27 15:37:52 -0800 (Mon, 27 Mar 2006) | 3 lines

scripts.el. Menu update


------------------------------------------------------------------------
r26 | crazypit | 2006-03-27 15:07:59 -0800 (Mon, 27 Mar 2006) | 3 lines

Navigation file.


------------------------------------------------------------------------
r25 | crazypit | 2006-03-27 14:53:55 -0800 (Mon, 27 Mar 2006) | 3 lines

From file to file and from line to line navigation functions in main branch.


------------------------------------------------------------------------
r24 | crazypit | 2006-03-27 13:48:48 -0800 (Mon, 27 Mar 2006) | 2 lines

UI fix.

------------------------------------------------------------------------
r23 | crazypit | 2006-03-27 13:35:16 -0800 (Mon, 27 Mar 2006) | 4 lines

Cleanup code in cp-branch. Moving many code from cp-branch to main branch (see ChangeLog)



------------------------------------------------------------------------
r19 | dimaexe | 2006-03-26 06:21:20 -0800 (Sun, 26 Mar 2006) | 1 line

complete split into separate files
------------------------------------------------------------------------
r7 | crazypit | 2006-03-22 10:13:27 -0800 (Wed, 22 Mar 2006) | 4 lines

Refactoring of cp's branch. 
Two bugfix in main branch.


------------------------------------------------------------------------
r3 | dimaexe | 2006-03-21 13:09:29 -0800 (Tue, 21 Mar 2006) | 2 lines

* make directory structure

------------------------------------------------------------------------
